============================================
RAPPORT BANCAIRE JOURNALIER DU 20260526
============================================
============================================
--- RESUME DES TRANSACTIONS ---
--- RESUME DES TRANSACTIONS ---
Total des depots   :          0.00 €
Total des retraits :          0.00 €
Total des virements:          0.00 €
Nombre transactions: 00000000
Nombre transactions: 00000000
--- ANALYSE DES COMPTES ---
--- ANALYSE DES COMPTES ---
Nombre total de comptes: 000017
Solde moyen des comptes: 5870396265.30 €
Nombre d'alertes generees: 00000017
Nombre d'alertes generees: 00000017
============================================
FIN DU RAPPORT - BATCH QUOTIDIEN
============================================
