=========================================
BULLETIN SCOLAIRE - MICHEL Sarah
CLASSE: A
=========================================
MATIERE                       NOTE   COEFF
-----------------------------------------
Mathematiques    5           -
rancais         4            -
Anglais         3         15.0
Histoire        2            -
Geographie      2            -
Physique        4            -
Chimie          3            -
Sciences-Vie    3            -
EPS             2            -
Arts            1            -
=========================================
MOYENNE GENERALE: 000000/20
MENTION: INSUFFISAN
=========================================
